2012-03-10 16:47:05,725 INFO number of hash-functions: 7 IN ru.infos.dcn.BloomFilter
2012-03-10 16:47:05,730 INFO size of filter: 202 IN ru.infos.dcn.BloomFilter
2012-03-10 16:47:21,928 INFO number of hash-functions: 7 IN ru.infos.dcn.BloomFilter
2012-03-10 16:47:21,931 INFO size of filter: 202 IN ru.infos.dcn.BloomFilter
2012-03-10 16:49:10,501 INFO number of hash-functions: 7 IN ru.infos.dcn.BloomFilter
2012-03-10 16:49:10,503 INFO size of filter: 202 IN ru.infos.dcn.BloomFilter
2012-03-10 16:49:58,359 INFO number of hash-functions: 7 IN ru.infos.dcn.BloomFilter
2012-03-10 16:49:58,361 INFO size of filter: 202 IN ru.infos.dcn.BloomFilter
2012-03-10 16:51:53,120 INFO number of hash-functions: 7 IN ru.infos.dcn.BloomFilter
2012-03-10 16:51:53,123 INFO size of filter: 202 IN ru.infos.dcn.BloomFilter
2012-03-10 16:51:53,129 INFO [false, false, false, false, false, false, false, false, false, false, false, false, false, false, false, false, false, true, false, false, false, false, false, false, false, false, false, false, false, false, true, true, false, false, false, false, false, false, false, false, false, false, false, false, false, true, false, false, false, false, false, false, false, false, false, false, false, false, false, false, false, false, false, false, false, false, false, false, false, false, false, false, false, false, false, false, false, false, false, false, false, false, false, false, false, false, false, false, false, false, false, false, false, false, false, false, false, false, false, false, false, false, false, false, false, false, false, false, false, false, false, false, false, false, false, false, false, false, false, false, false, false, false, false, false, false, false, true, false, false, false, false, false, false, false, false, false, false, false, false, false, false, false, false, false, false, true, false, false, false, false, false, false, false, false, false, false, false, false, false, false, false, false, false, false, false, false, false, false, false, false, false, false, false, false, false, false, false, false, false, false, false, false, false, false, true, false, false, false, false, false, false, false, false, false, false, false, false, false, false, false, false] IN ru.infos.dcn.BloomFilter
2012-03-10 16:51:53,133 INFO [false, false, false, false, false, false, false, false, false, false, false, false, false, false, false, false, true, true, false, false, false, false, false, false, false, true, false, false, false, false, true, true, false, false, false, false, false, false, false, false, false, false, false, false, false, true, false, false, false, false, false, false, false, false, false, false, false, false, false, false, false, false, false, false, false, false, false, false, false, false, false, false, false, false, false, false, false, true, false, true, false, false, false, false, false, false, false, false, false, false, false, false, false, false, false, false, false, false, false, false, false, false, false, false, false, false, false, false, false, false, false, false, false, false, false, true, false, false, false, false, false, false, false, false, false, false, false, true, false, false, false, false, false, false, false, false, false, false, false, false, false, false, false, false, false, false, true, false, false, false, false, false, false, false, false, false, false, false, false, false, false, false, false, false, false, false, false, false, false, false, false, false, false, false, false, false, false, false, false, false, false, true, false, false, false, true, false, false, false, false, false, false, false, false, false, false, true, false, false, false, false, false] IN ru.infos.dcn.BloomFilter
2012-03-10 16:51:53,142 INFO [false, false, false, false, false, false, false, false, false, false, false, false, false, false, false, false, true, true, false, false, false, false, false, false, true, true, false, false, false, false, true, true, false, false, false, false, false, false, false, false, false, false, false, false, false, true, false, false, false, false, false, false, false, false, false, false, false, true, false, false, false, false, false, false, false, false, false, false, false, false, false, false, false, false, false, false, false, true, false, true, false, false, false, false, false, false, true, false, false, false, false, false, false, false, false, false, true, false, false, true, false, false, false, false, false, false, false, false, false, false, false, false, false, false, false, true, false, false, false, false, false, false, false, false, false, false, false, true, false, false, false, false, false, false, false, true, false, false, false, false, false, false, false, false, false, false, true, false, false, false, false, false, false, false, false, false, false, false, false, false, false, false, false, false, false, false, false, false, false, false, false, false, false, false, false, false, false, false, false, false, false, true, false, false, false, true, false, false, false, false, false, false, false, false, false, false, true, false, false, false, false, false] IN ru.infos.dcn.BloomFilter
2012-03-10 16:51:53,143 INFO [false, false, false, false, false, false, false, false, false, false, false, false, false, false, false, false, true, true, false, false, false, false, false, false, true, true, false, false, false, false, true, true, false, false, false, false, false, false, false, false, false, false, false, false, false, true, false, false, false, false, false, false, false, false, false, false, false, true, false, false, false, false, false, false, false, false, false, false, false, false, false, false, false, false, false, false, false, true, false, true, false, false, false, false, false, false, true, false, false, false, false, false, false, false, false, false, true, false, false, true, false, false, false, false, false, false, false, false, false, false, false, false, false, false, false, true, false, false, false, false, false, false, false, false, false, false, false, true, false, false, false, false, false, false, false, true, false, false, false, false, false, false, false, false, false, false, true, false, false, false, false, false, false, false, false, false, false, false, false, false, false, false, false, false, false, false, false, false, false, false, false, false, false, false, false, false, false, false, false, false, false, true, false, false, false, true, false, false, false, false, false, false, false, false, false, false, true, false, false, false, false, false] IN ru.infos.dcn.BloomFilter
2012-03-10 16:52:39,757 INFO number of hash-functions: 7 IN ru.infos.dcn.BloomFilter
2012-03-10 16:52:39,759 INFO size of filter: 202 IN ru.infos.dcn.BloomFilter
2012-03-10 16:52:39,766 INFO [0, 0, 0, 0, 0, 0, 0, 0, 0, 0, 0, 1, 0, 0, 0, 0, 0, 0, 0, 0, 0, 0, 0, 0, 0, 0, 0, 0, 0, 0, 0, 0, 0, 0, 0, 0, 0, 0, 0, 0, 0, 0, 0, 0, 0, 0, 0, 0, 0, 0, 0, 0, 1, 0, 0, 0, 0, 0, 0, 0, 0, 0, 0, 0, 0, 0, 0, 0, 0, 0, 0, 0, 0, 0, 0, 0, 0, 0, 0, 0, 0, 0, 0, 0, 0, 0, 0, 0, 0, 0, 0, 0, 0, 0, 0, 0, 0, 0, 0, 0, 0, 0, 0, 0, 0, 1, 1, 0, 0, 0, 0, 0, 0, 0, 0, 0, 0, 0, 0, 0, 0, 0, 0, 0, 0, 0, 0, 0, 0, 0, 1, 0, 0, 0, 0, 0, 0, 0, 0, 0, 0, 0, 0, 0, 0, 0, 0, 0, 0, 0, 0, 0, 0, 0, 0, 0, 0, 0, 0, 0, 0, 0, 0, 0, 0, 0, 0, 0, 1, 0, 0, 0, 0, 0, 0, 0, 0, 0, 0, 0, 0, 0, 0, 0, 0, 0, 0, 0, 0, 0, 0, 0, 0, 0, 1, 0, 0, 0, 0, 0, 0, 0] IN ru.infos.dcn.BloomFilter
2012-03-10 16:52:39,774 INFO [0, 0, 0, 0, 0, 1, 0, 0, 0, 0, 0, 1, 0, 0, 0, 0, 0, 0, 0, 0, 0, 0, 0, 0, 0, 0, 0, 0, 0, 0, 0, 0, 1, 0, 0, 0, 0, 0, 0, 0, 0, 0, 0, 0, 0, 0, 0, 0, 0, 0, 0, 0, 1, 0, 0, 0, 0, 0, 0, 0, 0, 0, 0, 0, 0, 0, 0, 1, 0, 0, 0, 0, 0, 0, 0, 0, 0, 0, 0, 0, 0, 0, 0, 0, 0, 0, 0, 0, 0, 0, 0, 0, 0, 0, 0, 0, 0, 0, 0, 0, 0, 0, 0, 0, 0, 1, 1, 0, 0, 0, 0, 0, 0, 1, 0, 0, 0, 0, 0, 0, 0, 0, 0, 0, 0, 0, 0, 0, 0, 0, 1, 0, 0, 0, 0, 0, 0, 0, 0, 0, 0, 0, 0, 0, 0, 0, 0, 0, 1, 0, 0, 0, 0, 0, 0, 0, 0, 0, 1, 0, 0, 0, 0, 0, 0, 0, 0, 0, 1, 0, 0, 0, 0, 0, 0, 0, 0, 0, 0, 0, 0, 1, 0, 0, 0, 0, 0, 0, 0, 0, 0, 0, 0, 0, 1, 0, 0, 0, 0, 0, 0, 0] IN ru.infos.dcn.BloomFilter
2012-03-10 16:52:39,777 INFO [0, 0, 0, 0, 0, 1, 0, 0, 1, 0, 0, 1, 0, 0, 0, 0, 0, 0, 0, 0, 0, 0, 1, 0, 0, 0, 0, 0, 0, 0, 0, 0, 1, 0, 0, 0, 0, 0, 0, 0, 0, 0, 0, 0, 0, 0, 0, 0, 0, 0, 0, 0, 1, 0, 0, 0, 1, 0, 0, 0, 0, 0, 0, 0, 0, 0, 0, 1, 0, 0, 0, 0, 0, 0, 0, 0, 0, 0, 0, 0, 0, 0, 0, 0, 0, 0, 0, 0, 0, 0, 0, 0, 0, 0, 0, 0, 0, 0, 0, 0, 0, 1, 0, 0, 0, 1, 1, 0, 0, 0, 0, 0, 0, 1, 0, 0, 0, 0, 0, 0, 0, 0, 0, 0, 0, 0, 0, 0, 0, 1, 1, 0, 0, 0, 0, 0, 0, 0, 0, 0, 1, 0, 0, 0, 0, 0, 0, 0, 1, 0, 0, 0, 0, 0, 0, 0, 0, 0, 1, 0, 0, 0, 0, 0, 0, 0, 0, 0, 1, 0, 0, 0, 0, 0, 0, 0, 0, 0, 0, 0, 0, 1, 0, 0, 0, 0, 0, 0, 0, 0, 0, 0, 0, 0, 1, 0, 0, 0, 0, 0, 0, 0] IN ru.infos.dcn.BloomFilter
2012-03-10 16:52:39,781 INFO [0, 0, 0, 0, 0, 1, 0, 0, 1, 0, 0, 1, 0, 0, 0, 0, 0, 0, 0, 0, 0, 0, 1, 0, 0, 0, 0, 0, 0, 0, 0, 0, 1, 0, 0, 0, 0, 0, 0, 0, 0, 0, 0, 0, 0, 0, 0, 0, 0, 0, 0, 0, 1, 0, 0, 0, 1, 0, 0, 0, 0, 0, 0, 0, 0, 0, 0, 1, 0, 0, 0, 0, 0, 0, 0, 0, 0, 0, 0, 0, 0, 0, 0, 0, 0, 0, 0, 0, 0, 0, 0, 0, 0, 0, 0, 0, 0, 0, 0, 0, 0, 1, 0, 0, 0, 1, 1, 0, 0, 0, 0, 0, 0, 1, 0, 0, 0, 0, 0, 0, 0, 0, 0, 0, 0, 0, 0, 0, 0, 1, 1, 0, 0, 0, 0, 0, 0, 0, 0, 0, 1, 0, 0, 0, 0, 0, 0, 0, 1, 0, 0, 0, 0, 0, 0, 0, 0, 0, 1, 0, 0, 0, 0, 0, 0, 0, 0, 0, 1, 0, 0, 0, 0, 0, 0, 0, 0, 0, 0, 0, 0, 1, 0, 0, 0, 0, 0, 0, 0, 0, 0, 0, 0, 0, 1, 0, 0, 0, 0, 0, 0, 0] IN ru.infos.dcn.BloomFilter
2012-03-10 16:53:16,015 INFO number of hash-functions: 7 IN ru.infos.dcn.BloomFilter
2012-03-10 16:53:16,017 INFO size of filter: 202 IN ru.infos.dcn.BloomFilter
2012-03-10 16:53:16,022 INFO filter : [0, 0, 0, 0, 0, 0, 0, 0, 0, 0, 1, 0, 0, 0, 0, 0, 0, 0, 0, 0, 0, 0, 0, 0, 0, 0, 0, 0, 0, 0, 0, 0, 0, 0, 0, 0, 0, 0, 0, 0, 0, 0, 0, 0, 0, 0, 0, 0, 0, 0, 0, 0, 0, 0, 0, 0, 0, 0, 0, 0, 0, 0, 0, 0, 0, 0, 0, 0, 0, 0, 0, 0, 0, 0, 0, 0, 0, 0, 0, 0, 0, 0, 0, 0, 0, 0, 0, 0, 0, 0, 1, 0, 0, 0, 0, 0, 0, 0, 0, 0, 0, 0, 0, 0, 0, 0, 0, 0, 1, 0, 0, 0, 0, 1, 0, 0, 0, 0, 0, 0, 0, 0, 0, 0, 0, 1, 0, 0, 0, 0, 0, 0, 0, 0, 0, 0, 0, 0, 0, 0, 0, 0, 0, 0, 0, 0, 0, 0, 0, 0, 0, 0, 0, 0, 0, 0, 0, 0, 0, 0, 0, 0, 0, 0, 0, 0, 1, 0, 0, 0, 0, 0, 1, 0, 0, 0, 0, 0, 0, 0, 0, 0, 0, 0, 0, 0, 0, 0, 0, 0, 0, 0, 0, 0, 0, 0, 0, 0, 0, 0, 0, 0] IN ru.infos.dcn.BloomFilter
2012-03-10 16:53:16,029 INFO filter : [1, 0, 0, 0, 0, 0, 0, 0, 0, 0, 1, 0, 0, 0, 0, 0, 0, 0, 0, 0, 0, 0, 1, 0, 0, 0, 0, 0, 0, 0, 1, 0, 0, 0, 0, 0, 0, 1, 0, 0, 0, 0, 1, 0, 0, 0, 0, 0, 0, 0, 0, 0, 0, 0, 0, 0, 0, 0, 0, 0, 0, 0, 0, 0, 0, 0, 0, 1, 0, 0, 0, 0, 0, 0, 0, 0, 0, 0, 0, 0, 0, 0, 0, 0, 0, 0, 0, 0, 0, 0, 1, 0, 0, 0, 0, 0, 0, 0, 0, 0, 0, 0, 0, 0, 0, 0, 0, 0, 1, 0, 0, 0, 0, 1, 0, 0, 0, 0, 0, 0, 0, 0, 0, 0, 0, 1, 0, 0, 0, 0, 0, 0, 0, 0, 0, 0, 0, 0, 0, 0, 0, 0, 0, 0, 0, 0, 0, 0, 0, 0, 0, 0, 0, 0, 0, 0, 0, 0, 0, 0, 0, 0, 0, 0, 0, 0, 1, 0, 0, 0, 0, 0, 1, 0, 0, 0, 0, 0, 0, 0, 0, 0, 0, 0, 0, 0, 0, 0, 0, 0, 0, 0, 0, 0, 0, 0, 0, 0, 0, 0, 0, 0] IN ru.infos.dcn.BloomFilter
2012-03-10 16:53:16,035 INFO filter : [1, 0, 0, 0, 0, 0, 0, 0, 0, 0, 1, 0, 0, 0, 0, 1, 0, 0, 0, 0, 0, 0, 1, 0, 0, 0, 0, 0, 0, 0, 1, 0, 0, 1, 1, 0, 0, 1, 0, 0, 0, 0, 1, 0, 0, 0, 0, 0, 0, 0, 0, 0, 1, 0, 0, 0, 0, 0, 0, 0, 0, 0, 0, 0, 0, 0, 1, 1, 0, 0, 0, 0, 0, 0, 0, 0, 0, 0, 0, 0, 0, 0, 0, 0, 0, 0, 0, 0, 0, 0, 1, 0, 0, 0, 0, 0, 0, 0, 0, 0, 0, 0, 0, 0, 0, 0, 0, 0, 1, 0, 1, 0, 0, 1, 0, 0, 0, 0, 0, 0, 0, 0, 0, 0, 0, 1, 0, 0, 0, 0, 0, 0, 0, 0, 0, 0, 0, 0, 0, 0, 0, 0, 0, 0, 0, 0, 0, 0, 0, 0, 0, 0, 0, 0, 0, 0, 0, 0, 0, 0, 0, 0, 0, 0, 0, 0, 1, 0, 0, 0, 0, 0, 1, 0, 0, 0, 0, 0, 0, 0, 0, 0, 0, 0, 0, 0, 0, 0, 0, 0, 0, 0, 0, 0, 0, 0, 0, 0, 1, 0, 0, 0] IN ru.infos.dcn.BloomFilter
2012-03-10 16:53:16,036 INFO filter : [1, 0, 0, 0, 0, 0, 0, 0, 0, 0, 1, 0, 0, 0, 0, 1, 0, 0, 0, 0, 0, 0, 1, 0, 0, 0, 0, 0, 0, 0, 1, 0, 0, 1, 1, 0, 0, 1, 0, 0, 0, 0, 1, 0, 0, 0, 0, 0, 0, 0, 0, 0, 1, 0, 0, 0, 0, 0, 0, 0, 0, 0, 0, 0, 0, 0, 1, 1, 0, 0, 0, 0, 0, 0, 0, 0, 0, 0, 0, 0, 0, 0, 0, 0, 0, 0, 0, 0, 0, 0, 1, 0, 0, 0, 0, 0, 0, 0, 0, 0, 0, 0, 0, 0, 0, 0, 0, 0, 1, 0, 1, 0, 0, 1, 0, 0, 0, 0, 0, 0, 0, 0, 0, 0, 0, 1, 0, 0, 0, 0, 0, 0, 0, 0, 0, 0, 0, 0, 0, 0, 0, 0, 0, 0, 0, 0, 0, 0, 0, 0, 0, 0, 0, 0, 0, 0, 0, 0, 0, 0, 0, 0, 0, 0, 0, 0, 1, 0, 0, 0, 0, 0, 1, 0, 0, 0, 0, 0, 0, 0, 0, 0, 0, 0, 0, 0, 0, 0, 0, 0, 0, 0, 0, 0, 0, 0, 0, 0, 1, 0, 0, 0] IN ru.infos.dcn.BloomFilter
2012-03-10 17:05:35,487 INFO number of hash-functions: 7 IN ru.infos.dcn.BloomFilter
2012-03-10 17:05:35,491 INFO size of filter: 202 IN ru.infos.dcn.BloomFilter
2012-03-10 17:05:35,539 INFO number of hash-functions: 7 IN ru.infos.dcn.BloomFilter
2012-03-10 17:05:35,540 INFO size of filter: 31 IN ru.infos.dcn.BloomFilter
2012-03-10 17:05:35,546 INFO number of hash-functions: 7 IN ru.infos.dcn.BloomFilter
2012-03-10 17:05:35,547 INFO size of filter: 31 IN ru.infos.dcn.BloomFilter
2012-03-10 17:07:17,967 INFO number of hash-functions: 7 IN ru.infos.dcn.BloomFilter
2012-03-10 17:07:17,969 INFO size of filter: 31 IN ru.infos.dcn.BloomFilter
2012-03-10 17:07:18,005 INFO number of hash-functions: 7 IN ru.infos.dcn.BloomFilter
2012-03-10 17:07:18,006 INFO size of filter: 31 IN ru.infos.dcn.BloomFilter
2012-03-10 17:07:18,013 INFO number of hash-functions: 7 IN ru.infos.dcn.BloomFilter
2012-03-10 17:07:18,014 INFO size of filter: 31 IN ru.infos.dcn.BloomFilter
2012-03-10 17:07:29,877 INFO number of hash-functions: 7 IN ru.infos.dcn.BloomFilter
2012-03-10 17:07:29,881 INFO size of filter: 31 IN ru.infos.dcn.BloomFilter
2012-03-10 17:07:29,916 INFO number of hash-functions: 7 IN ru.infos.dcn.BloomFilter
2012-03-10 17:07:29,918 INFO size of filter: 31 IN ru.infos.dcn.BloomFilter
2012-03-10 17:07:29,922 INFO number of hash-functions: 7 IN ru.infos.dcn.BloomFilter
2012-03-10 17:07:29,922 INFO size of filter: 31 IN ru.infos.dcn.BloomFilter
2012-03-10 17:08:36,701 INFO number of hash-functions: 7 IN ru.infos.dcn.BloomFilter
2012-03-10 17:08:36,703 INFO size of filter: 31 IN ru.infos.dcn.BloomFilter
2012-03-10 17:08:36,739 INFO number of hash-functions: 7 IN ru.infos.dcn.BloomFilter
2012-03-10 17:08:36,739 INFO size of filter: 31 IN ru.infos.dcn.BloomFilter
2012-03-10 17:08:36,743 INFO number of hash-functions: 7 IN ru.infos.dcn.BloomFilter
2012-03-10 17:08:36,744 INFO size of filter: 31 IN ru.infos.dcn.BloomFilter
2012-03-10 17:08:36,746 INFO number of hash-functions: 2 IN ru.infos.dcn.BloomFilter
2012-03-10 17:08:36,747 INFO size of filter: 9 IN ru.infos.dcn.BloomFilter
2012-03-10 17:08:40,582 INFO number of hash-functions: 7 IN ru.infos.dcn.BloomFilter
2012-03-10 17:08:40,586 INFO size of filter: 31 IN ru.infos.dcn.BloomFilter
2012-03-10 17:08:40,631 INFO number of hash-functions: 7 IN ru.infos.dcn.BloomFilter
2012-03-10 17:08:40,632 INFO size of filter: 31 IN ru.infos.dcn.BloomFilter
2012-03-10 17:08:40,635 INFO number of hash-functions: 7 IN ru.infos.dcn.BloomFilter
2012-03-10 17:08:40,635 INFO size of filter: 31 IN ru.infos.dcn.BloomFilter
2012-03-10 17:08:40,638 INFO number of hash-functions: 2 IN ru.infos.dcn.BloomFilter
2012-03-10 17:08:40,639 INFO size of filter: 9 IN ru.infos.dcn.BloomFilter
2012-03-10 17:08:44,173 INFO number of hash-functions: 7 IN ru.infos.dcn.BloomFilter
2012-03-10 17:08:44,175 INFO size of filter: 31 IN ru.infos.dcn.BloomFilter
2012-03-10 17:08:44,216 INFO number of hash-functions: 7 IN ru.infos.dcn.BloomFilter
2012-03-10 17:08:44,217 INFO size of filter: 31 IN ru.infos.dcn.BloomFilter
2012-03-10 17:08:44,221 INFO number of hash-functions: 7 IN ru.infos.dcn.BloomFilter
2012-03-10 17:08:44,222 INFO size of filter: 31 IN ru.infos.dcn.BloomFilter
2012-03-10 17:08:44,225 INFO number of hash-functions: 2 IN ru.infos.dcn.BloomFilter
2012-03-10 17:08:44,226 INFO size of filter: 9 IN ru.infos.dcn.BloomFilter
2012-03-10 17:08:47,681 INFO number of hash-functions: 7 IN ru.infos.dcn.BloomFilter
2012-03-10 17:08:47,684 INFO size of filter: 31 IN ru.infos.dcn.BloomFilter
2012-03-10 17:08:47,721 INFO number of hash-functions: 7 IN ru.infos.dcn.BloomFilter
2012-03-10 17:08:47,723 INFO size of filter: 31 IN ru.infos.dcn.BloomFilter
2012-03-10 17:08:47,726 INFO number of hash-functions: 7 IN ru.infos.dcn.BloomFilter
2012-03-10 17:08:47,727 INFO size of filter: 31 IN ru.infos.dcn.BloomFilter
2012-03-10 17:08:47,729 INFO number of hash-functions: 2 IN ru.infos.dcn.BloomFilter
2012-03-10 17:08:47,730 INFO size of filter: 9 IN ru.infos.dcn.BloomFilter
2012-03-10 17:11:08,302 INFO number of hash-functions: 7 IN ru.infos.dcn.BloomFilter
2012-03-10 17:11:08,305 INFO size of filter: 31 IN ru.infos.dcn.BloomFilter
2012-03-10 17:11:08,338 INFO number of hash-functions: 7 IN ru.infos.dcn.BloomFilter
2012-03-10 17:11:08,339 INFO size of filter: 31 IN ru.infos.dcn.BloomFilter
2012-03-10 17:11:08,343 INFO number of hash-functions: 7 IN ru.infos.dcn.BloomFilter
2012-03-10 17:11:08,344 INFO size of filter: 31 IN ru.infos.dcn.BloomFilter
2012-03-10 17:11:08,347 INFO number of hash-functions: 2 IN ru.infos.dcn.BloomFilter
2012-03-10 17:11:08,348 INFO size of filter: 6 IN ru.infos.dcn.BloomFilter
2012-03-10 17:11:12,572 INFO number of hash-functions: 7 IN ru.infos.dcn.BloomFilter
2012-03-10 17:11:12,574 INFO size of filter: 31 IN ru.infos.dcn.BloomFilter
2012-03-10 17:11:12,615 INFO number of hash-functions: 7 IN ru.infos.dcn.BloomFilter
2012-03-10 17:11:12,616 INFO size of filter: 31 IN ru.infos.dcn.BloomFilter
2012-03-10 17:11:12,620 INFO number of hash-functions: 7 IN ru.infos.dcn.BloomFilter
2012-03-10 17:11:12,620 INFO size of filter: 31 IN ru.infos.dcn.BloomFilter
2012-03-10 17:11:12,623 INFO number of hash-functions: 2 IN ru.infos.dcn.BloomFilter
2012-03-10 17:11:12,624 INFO size of filter: 6 IN ru.infos.dcn.BloomFilter
2012-03-10 17:11:17,566 INFO number of hash-functions: 7 IN ru.infos.dcn.BloomFilter
2012-03-10 17:11:17,569 INFO size of filter: 31 IN ru.infos.dcn.BloomFilter
2012-03-10 17:11:17,609 INFO number of hash-functions: 7 IN ru.infos.dcn.BloomFilter
2012-03-10 17:11:17,610 INFO size of filter: 31 IN ru.infos.dcn.BloomFilter
2012-03-10 17:11:17,614 INFO number of hash-functions: 7 IN ru.infos.dcn.BloomFilter
2012-03-10 17:11:17,614 INFO size of filter: 31 IN ru.infos.dcn.BloomFilter
2012-03-10 17:11:17,617 INFO number of hash-functions: 2 IN ru.infos.dcn.BloomFilter
2012-03-10 17:11:17,619 INFO size of filter: 6 IN ru.infos.dcn.BloomFilter
2012-03-10 17:11:21,865 INFO number of hash-functions: 7 IN ru.infos.dcn.BloomFilter
2012-03-10 17:11:21,869 INFO size of filter: 31 IN ru.infos.dcn.BloomFilter
2012-03-10 17:11:21,907 INFO number of hash-functions: 7 IN ru.infos.dcn.BloomFilter
2012-03-10 17:11:21,908 INFO size of filter: 31 IN ru.infos.dcn.BloomFilter
2012-03-10 17:11:21,914 INFO number of hash-functions: 7 IN ru.infos.dcn.BloomFilter
2012-03-10 17:11:21,915 INFO size of filter: 31 IN ru.infos.dcn.BloomFilter
2012-03-10 17:11:21,918 INFO number of hash-functions: 2 IN ru.infos.dcn.BloomFilter
2012-03-10 17:11:21,920 INFO size of filter: 6 IN ru.infos.dcn.BloomFilter
2012-03-10 17:13:24,139 INFO number of hash-functions: 7 IN ru.infos.dcn.BloomFilter
2012-03-10 17:13:24,142 INFO size of filter: 31 IN ru.infos.dcn.BloomFilter
2012-03-10 17:13:24,181 INFO number of hash-functions: 7 IN ru.infos.dcn.BloomFilter
2012-03-10 17:13:24,183 INFO size of filter: 31 IN ru.infos.dcn.BloomFilter
2012-03-10 17:13:24,188 INFO number of hash-functions: 7 IN ru.infos.dcn.BloomFilter
2012-03-10 17:13:24,189 INFO size of filter: 31 IN ru.infos.dcn.BloomFilter
2012-03-10 17:40:41,297 INFO number of hash-functions: 7 IN ru.infos.dcn.BloomFilter
2012-03-10 17:40:41,299 INFO size of filter: 31 IN ru.infos.dcn.BloomFilter
2012-03-10 17:40:41,339 INFO number of hash-functions: 7 IN ru.infos.dcn.BloomFilter
2012-03-10 17:40:41,340 INFO size of filter: 31 IN ru.infos.dcn.BloomFilter
2012-03-10 17:40:41,343 INFO number of hash-functions: 7 IN ru.infos.dcn.BloomFilter
2012-03-10 17:40:41,344 INFO size of filter: 31 IN ru.infos.dcn.BloomFilter
2012-03-10 17:40:49,316 INFO number of hash-functions: 7 IN ru.infos.dcn.BloomFilter
2012-03-10 17:40:49,318 INFO size of filter: 202 IN ru.infos.dcn.BloomFilter
2012-03-10 17:40:49,322 INFO filter : [0, 0, 0, 0, 0, 0, 0, 0, 0, 0, 0, 0, 0, 0, 0, 0, 0, 0, 1, 0, 0, 1, 1, 0, 0, 0, 0, 1, 0, 0, 0, 0, 0, 0, 0, 0, 0, 0, 0, 0, 0, 0, 0, 0, 0, 0, 1, 0, 0, 0, 0, 0, 0, 0, 0, 0, 0, 0, 0, 0, 0, 0, 0, 0, 0, 0, 0, 0, 0, 0, 0, 0, 0, 0, 0, 0, 0, 0, 0, 0, 0, 0, 0, 0, 0, 0, 0, 0, 0, 0, 0, 0, 0, 0, 0, 0, 1, 0, 0, 0, 0, 0, 0, 0, 0, 0, 0, 0, 0, 0, 0, 0, 0, 0, 0, 0, 0, 0, 0, 0, 0, 0, 0, 0, 0, 0, 0, 0, 0, 0, 0, 0, 0, 0, 0, 0, 0, 0, 0, 0, 0, 0, 0, 0, 0, 0, 0, 0, 0, 0, 0, 0, 0, 0, 0, 0, 0, 0, 1, 0, 0, 0, 0, 0, 0, 0, 0, 0, 0, 0, 0, 0, 0, 0, 0, 0, 0, 0, 0, 0, 0, 0, 0, 0, 0, 0, 0, 0, 0, 0, 0, 0, 0, 0, 0, 0, 0, 0, 0, 0, 0, 0] IN ru.infos.dcn.BloomFilter
2012-03-10 17:40:49,327 INFO filter : [0, 0, 0, 0, 0, 0, 0, 0, 0, 0, 0, 0, 0, 0, 1, 0, 0, 0, 1, 0, 0, 1, 1, 0, 0, 0, 0, 1, 0, 0, 0, 0, 0, 0, 0, 0, 0, 0, 0, 0, 0, 0, 0, 0, 0, 0, 1, 0, 0, 0, 0, 0, 0, 0, 0, 0, 0, 0, 0, 0, 0, 1, 0, 0, 1, 0, 0, 0, 0, 0, 0, 0, 0, 0, 0, 0, 0, 0, 0, 0, 1, 0, 0, 0, 0, 0, 0, 0, 0, 0, 0, 0, 0, 0, 0, 0, 1, 0, 0, 0, 0, 0, 0, 0, 0, 0, 0, 0, 0, 1, 0, 0, 0, 0, 0, 0, 1, 0, 0, 0, 0, 0, 0, 0, 0, 0, 0, 0, 0, 0, 0, 0, 0, 0, 0, 0, 0, 0, 0, 0, 0, 0, 0, 0, 0, 0, 0, 0, 0, 0, 0, 0, 0, 0, 0, 0, 0, 0, 1, 0, 0, 0, 0, 1, 0, 0, 0, 0, 0, 0, 0, 0, 0, 0, 0, 0, 0, 0, 0, 0, 0, 0, 0, 0, 0, 0, 0, 0, 0, 0, 0, 0, 0, 0, 0, 0, 0, 0, 0, 0, 0, 0] IN ru.infos.dcn.BloomFilter
2012-03-10 17:40:49,334 INFO filter : [0, 0, 0, 0, 0, 0, 0, 0, 0, 0, 0, 0, 0, 0, 1, 0, 0, 0, 1, 0, 0, 1, 1, 0, 0, 0, 0, 1, 0, 0, 0, 0, 0, 0, 0, 0, 0, 0, 0, 0, 0, 0, 0, 0, 0, 0, 1, 0, 0, 0, 0, 0, 0, 0, 1, 0, 0, 0, 0, 0, 0, 1, 0, 0, 1, 0, 0, 0, 0, 0, 0, 0, 1, 0, 0, 0, 0, 0, 0, 0, 1, 0, 0, 0, 0, 0, 0, 0, 0, 0, 0, 0, 0, 0, 0, 0, 1, 0, 0, 0, 0, 0, 0, 0, 0, 0, 0, 0, 0, 1, 0, 0, 0, 0, 0, 0, 1, 0, 0, 0, 0, 0, 0, 0, 0, 0, 0, 0, 0, 0, 0, 0, 0, 0, 0, 0, 0, 0, 0, 0, 0, 0, 0, 0, 0, 0, 0, 1, 0, 0, 1, 0, 0, 0, 0, 0, 0, 0, 1, 0, 0, 0, 0, 1, 0, 0, 0, 0, 0, 0, 0, 0, 0, 0, 0, 0, 0, 1, 0, 0, 0, 0, 0, 0, 0, 0, 0, 0, 0, 0, 0, 0, 0, 0, 0, 0, 0, 0, 0, 0, 0, 0] IN ru.infos.dcn.BloomFilter
2012-03-11 11:00:54,656 INFO number of hash-functions: 7 IN ru.infos.dcn.BloomFilter
2012-03-11 11:00:54,689 INFO size of filter: 21 IN ru.infos.dcn.BloomFilter
2012-03-11 11:00:54,725 INFO filter : [0, 0, 1, 1, 1, 0, 0, 0, 0, 1, 0, 0, 0, 0, 0, 0, 0, 0, 1, 0, 1] IN ru.infos.dcn.BloomFilter
2012-03-11 11:00:54,726 INFO filter : [0, 1, 1, 1, 1, 0, 1, 0, 0, 1, 0, 0, 0, 0, 0, 0, 0, 0, 1, 1, 1] IN ru.infos.dcn.BloomFilter
2012-03-11 11:00:54,727 INFO filter : [1, 1, 1, 1, 1, 1, 1, 0, 0, 1, 0, 0, 0, 1, 0, 0, 1, 0, 1, 1, 1] IN ru.infos.dcn.BloomFilter
2012-03-11 11:02:10,317 INFO number of hash-functions: 7 IN ru.infos.dcn.BloomFilter
2012-03-11 11:02:10,319 INFO size of filter: 21 IN ru.infos.dcn.BloomFilter
2012-03-11 11:02:10,324 INFO filter : [0, 0, 0, 0, 0, 0, 0, 1, 0, 0, 0, 1, 0, 1, 0, 0, 1, 0, 1, 1, 0] IN ru.infos.dcn.BloomFilter
2012-03-11 11:02:10,325 INFO filter : [1, 0, 0, 0, 1, 0, 0, 1, 0, 0, 0, 1, 0, 1, 0, 0, 1, 0, 1, 1, 0] IN ru.infos.dcn.BloomFilter
2012-03-11 11:02:10,326 INFO filter : [1, 0, 0, 1, 1, 1, 0, 1, 0, 0, 0, 1, 0, 1, 0, 0, 1, 0, 1, 1, 1] IN ru.infos.dcn.BloomFilter
2012-03-11 11:02:28,899 INFO number of hash-functions: 7 IN ru.infos.dcn.BloomFilter
2012-03-11 11:02:28,902 INFO size of filter: 202 IN ru.infos.dcn.BloomFilter
2012-03-11 11:02:28,912 INFO filter : [0, 0, 0, 0, 0, 0, 0, 0, 0, 0, 0, 0, 0, 0, 0, 0, 0, 0, 0, 0, 0, 0, 0, 0, 0, 0, 0, 0, 0, 0, 0, 0, 0, 0, 0, 0, 0, 0, 0, 0, 0, 0, 0, 0, 0, 1, 0, 0, 0, 0, 0, 0, 0, 0, 0, 0, 0, 0, 0, 1, 0, 0, 0, 1, 0, 0, 0, 0, 0, 0, 0, 0, 0, 0, 0, 0, 0, 0, 0, 0, 0, 0, 0, 0, 0, 0, 0, 0, 0, 0, 0, 0, 0, 0, 0, 0, 0, 1, 0, 0, 0, 0, 0, 0, 0, 0, 0, 0, 0, 0, 0, 0, 0, 0, 0, 0, 0, 0, 0, 0, 0, 0, 0, 0, 0, 0, 0, 0, 1, 0, 0, 0, 0, 0, 1, 0, 0, 0, 0, 0, 0, 0, 0, 0, 0, 0, 0, 0, 0, 0, 0, 0, 0, 0, 0, 0, 0, 0, 0, 0, 0, 0, 0, 0, 0, 0, 0, 0, 0, 0, 0, 0, 0, 0, 0, 0, 0, 0, 0, 0, 0, 0, 0, 0, 0, 0, 0, 0, 0, 0, 0, 0, 0, 0, 0, 0, 0, 0, 0, 0, 0, 0] IN ru.infos.dcn.BloomFilter
2012-03-11 11:02:28,915 INFO filter : [0, 0, 0, 0, 0, 0, 0, 0, 0, 0, 0, 0, 0, 0, 0, 0, 0, 0, 0, 0, 0, 0, 0, 0, 0, 0, 0, 0, 0, 1, 0, 0, 0, 0, 0, 0, 0, 0, 0, 0, 0, 0, 0, 1, 0, 1, 0, 0, 0, 0, 0, 0, 0, 0, 0, 0, 0, 1, 0, 1, 0, 0, 0, 1, 0, 0, 0, 0, 0, 0, 0, 0, 0, 0, 0, 0, 0, 0, 0, 0, 0, 0, 0, 0, 0, 0, 0, 0, 0, 0, 0, 0, 1, 0, 0, 0, 0, 1, 0, 0, 0, 0, 0, 0, 0, 0, 0, 0, 0, 0, 0, 0, 0, 0, 0, 0, 0, 0, 0, 0, 0, 0, 0, 0, 0, 0, 0, 0, 1, 1, 0, 0, 0, 0, 1, 0, 0, 0, 0, 0, 0, 0, 0, 0, 0, 0, 0, 0, 0, 0, 0, 0, 0, 0, 0, 0, 0, 0, 0, 0, 0, 0, 0, 0, 0, 0, 0, 0, 0, 0, 0, 0, 0, 0, 0, 0, 0, 0, 0, 0, 0, 0, 0, 0, 0, 0, 0, 0, 0, 0, 0, 0, 0, 0, 1, 0, 0, 0, 0, 0, 0, 0] IN ru.infos.dcn.BloomFilter
2012-03-11 11:02:28,921 INFO filter : [0, 0, 0, 0, 0, 0, 0, 0, 0, 0, 0, 0, 0, 0, 0, 0, 0, 0, 0, 1, 0, 1, 0, 0, 0, 0, 0, 0, 1, 1, 0, 0, 0, 0, 0, 0, 0, 0, 0, 0, 0, 0, 0, 1, 0, 1, 0, 0, 0, 0, 0, 0, 0, 0, 0, 0, 0, 1, 0, 1, 0, 0, 0, 1, 0, 0, 0, 0, 0, 0, 0, 0, 0, 0, 0, 0, 0, 0, 0, 0, 0, 0, 0, 0, 0, 1, 0, 0, 0, 0, 0, 0, 1, 0, 0, 0, 0, 1, 0, 0, 0, 0, 0, 0, 0, 0, 0, 0, 0, 0, 0, 0, 0, 0, 0, 0, 0, 0, 0, 0, 0, 0, 0, 0, 0, 0, 0, 0, 1, 1, 0, 0, 0, 0, 1, 0, 0, 0, 0, 0, 0, 0, 0, 0, 0, 0, 0, 0, 0, 0, 0, 0, 0, 0, 0, 0, 0, 1, 0, 0, 0, 0, 0, 0, 0, 0, 0, 0, 0, 0, 0, 0, 0, 0, 0, 0, 0, 0, 1, 0, 0, 0, 0, 0, 0, 0, 0, 0, 0, 0, 0, 0, 0, 0, 1, 0, 1, 0, 0, 0, 0, 0] IN ru.infos.dcn.BloomFilter
2012-03-11 11:02:54,069 INFO number of hash-functions: 7 IN ru.infos.dcn.BloomFilter
2012-03-11 11:02:54,072 INFO size of filter: 21 IN ru.infos.dcn.BloomFilter
2012-03-11 11:02:54,076 INFO filter : [0, 0, 0, 0, 1, 0, 0, 0, 1, 0, 0, 1, 1, 0, 1, 1, 0, 0, 0, 1, 0] IN ru.infos.dcn.BloomFilter
2012-03-11 11:02:54,077 INFO filter : [1, 0, 0, 1, 1, 0, 0, 0, 1, 0, 0, 1, 1, 1, 1, 1, 1, 0, 0, 1, 0] IN ru.infos.dcn.BloomFilter
2012-03-11 11:02:54,078 INFO filter : [1, 0, 0, 1, 1, 0, 1, 0, 1, 0, 0, 1, 1, 1, 1, 1, 1, 0, 0, 1, 0] IN ru.infos.dcn.BloomFilter
2012-03-11 11:03:04,691 INFO number of hash-functions: 7 IN ru.infos.dcn.BloomFilter
2012-03-11 11:03:04,694 INFO size of filter: 1 IN ru.infos.dcn.BloomFilter
2012-03-11 11:03:04,699 INFO filter : [1] IN ru.infos.dcn.BloomFilter
2012-03-11 11:03:04,704 WARN you put in filter more elements, than filter can save with allowable error IN ru.infos.dcn.BloomFilter
ru.infos.dcn.exception.FilterFullException
	at ru.infos.dcn.BloomFilter.put(BloomFilter.java:114)
	at ru.infos.dcn.BloomFilter.main(BloomFilter.java:149)
	at sun.reflect.NativeMethodAccessorImpl.invoke0(Native Method)
	at sun.reflect.NativeMethodAccessorImpl.invoke(NativeMethodAccessorImpl.java:57)
	at sun.reflect.DelegatingMethodAccessorImpl.invoke(DelegatingMethodAccessorImpl.java:43)
	at java.lang.reflect.Method.invoke(Method.java:601)
	at com.intellij.rt.execution.application.AppMain.main(AppMain.java:120)
2012-03-11 11:03:15,750 INFO number of hash-functions: 7 IN ru.infos.dcn.BloomFilter
2012-03-11 11:03:15,753 INFO size of filter: 11 IN ru.infos.dcn.BloomFilter
2012-03-11 11:03:15,758 INFO filter : [0, 0, 1, 1, 1, 1, 1, 1, 0, 0, 0] IN ru.infos.dcn.BloomFilter
2012-03-11 11:03:15,759 INFO filter : [1, 0, 1, 1, 1, 1, 1, 1, 0, 0, 0] IN ru.infos.dcn.BloomFilter
2012-03-11 11:03:15,763 WARN you put in filter more elements, than filter can save with allowable error IN ru.infos.dcn.BloomFilter
ru.infos.dcn.exception.FilterFullException
	at ru.infos.dcn.BloomFilter.put(BloomFilter.java:114)
	at ru.infos.dcn.BloomFilter.main(BloomFilter.java:149)
	at sun.reflect.NativeMethodAccessorImpl.invoke0(Native Method)
	at sun.reflect.NativeMethodAccessorImpl.invoke(NativeMethodAccessorImpl.java:57)
	at sun.reflect.DelegatingMethodAccessorImpl.invoke(DelegatingMethodAccessorImpl.java:43)
	at java.lang.reflect.Method.invoke(Method.java:601)
	at com.intellij.rt.execution.application.AppMain.main(AppMain.java:120)
2012-03-11 11:03:31,234 INFO number of hash-functions: 7 IN ru.infos.dcn.BloomFilter
2012-03-11 11:03:31,236 INFO size of filter: 21 IN ru.infos.dcn.BloomFilter
2012-03-11 11:03:31,242 INFO filter : [0, 0, 0, 1, 1, 1, 0, 1, 1, 0, 0, 1, 0, 0, 0, 0, 1, 0, 0, 0, 0] IN ru.infos.dcn.BloomFilter
2012-03-11 11:03:31,243 INFO filter : [0, 1, 0, 1, 1, 1, 1, 1, 1, 1, 0, 1, 1, 0, 0, 0, 1, 0, 0, 0, 0] IN ru.infos.dcn.BloomFilter
2012-03-11 11:03:31,244 INFO filter : [0, 1, 0, 1, 1, 1, 1, 1, 1, 1, 1, 1, 1, 0, 1, 0, 1, 1, 0, 1, 0] IN ru.infos.dcn.BloomFilter
2012-03-11 11:05:12,018 INFO number of hash-functions: 7 IN ru.infos.dcn.BloomFilter
2012-03-11 11:05:12,028 INFO size of filter: 21 IN ru.infos.dcn.BloomFilter
2012-03-11 11:05:12,034 INFO filter : [0, 0, 0, 1, 1, 1, 0, 0, 0, 0, 0, 0, 0, 1, 1, 0, 1, 0, 0, 0, 0] IN ru.infos.dcn.BloomFilter
2012-03-11 11:05:12,035 INFO filter : [1, 0, 0, 1, 1, 1, 0, 0, 0, 0, 1, 0, 1, 1, 1, 0, 1, 1, 0, 0, 0] IN ru.infos.dcn.BloomFilter
2012-03-11 11:05:12,036 INFO filter : [1, 1, 0, 1, 1, 1, 0, 0, 1, 0, 1, 0, 1, 1, 1, 1, 1, 1, 0, 1, 0] IN ru.infos.dcn.BloomFilter
2012-03-11 11:05:12,040 WARN you put in filter more elements, than filter can save with allowable error IN ru.infos.dcn.BloomFilter
ru.infos.dcn.exception.FilterFullException
	at ru.infos.dcn.BloomFilter.put(BloomFilter.java:114)
	at ru.infos.dcn.BloomFilter.main(BloomFilter.java:149)
	at sun.reflect.NativeMethodAccessorImpl.invoke0(Native Method)
	at sun.reflect.NativeMethodAccessorImpl.invoke(NativeMethodAccessorImpl.java:57)
	at sun.reflect.DelegatingMethodAccessorImpl.invoke(DelegatingMethodAccessorImpl.java:43)
	at java.lang.reflect.Method.invoke(Method.java:601)
	at com.intellij.rt.execution.application.AppMain.main(AppMain.java:120)
2012-03-14 01:22:56,627 INFO number of hash-functions: 7 IN ru.infos.dcn.BloomFilter
2012-03-14 01:22:56,640 INFO size of filter: 192 IN ru.infos.dcn.BloomFilter
2012-03-14 01:22:56,671 INFO filter : {0, 2, 12, 27, 32, 36, 38, 69, 75, 80, 124, 164, 175, 190} IN ru.infos.dcn.BloomFilter
2012-03-14 01:22:56,676 INFO number of hash-functions: 7 IN ru.infos.dcn.BloomFilter
2012-03-14 01:22:56,677 INFO size of filter: 29 IN ru.infos.dcn.BloomFilter
2012-03-14 01:22:56,680 INFO number of hash-functions: 7 IN ru.infos.dcn.BloomFilter
2012-03-14 01:22:56,681 INFO size of filter: 29 IN ru.infos.dcn.BloomFilter
2012-03-14 01:22:56,684 INFO number of hash-functions: 7 IN ru.infos.dcn.BloomFilter
2012-03-14 01:22:56,688 INFO size of filter: 29 IN ru.infos.dcn.BloomFilter
2012-03-14 01:22:56,692 INFO number of hash-functions: 2 IN ru.infos.dcn.BloomFilter
2012-03-14 01:22:56,693 INFO size of filter: 3 IN ru.infos.dcn.BloomFilter
2012-03-14 01:24:40,166 INFO number of hash-functions: 7 IN ru.infos.dcn.BloomFilter
2012-03-14 01:24:40,169 INFO size of filter: 192 IN ru.infos.dcn.BloomFilter
2012-03-14 01:24:40,207 INFO filter : {1, 5, 11, 21, 23, 30, 33, 44, 112, 127, 149, 158, 173, 184} IN ru.infos.dcn.BloomFilter
2012-03-14 01:24:40,213 INFO number of hash-functions: 7 IN ru.infos.dcn.BloomFilter
2012-03-14 01:24:40,213 INFO size of filter: 29 IN ru.infos.dcn.BloomFilter
2012-03-14 01:24:40,221 INFO number of hash-functions: 7 IN ru.infos.dcn.BloomFilter
2012-03-14 01:24:40,222 INFO size of filter: 29 IN ru.infos.dcn.BloomFilter
2012-03-14 01:24:40,225 INFO number of hash-functions: 7 IN ru.infos.dcn.BloomFilter
2012-03-14 01:24:40,227 INFO size of filter: 29 IN ru.infos.dcn.BloomFilter
2012-03-14 01:28:12,126 INFO number of hash-functions: 7 IN ru.infos.dcn.BloomFilter
2012-03-14 01:28:12,129 INFO size of filter: 192 IN ru.infos.dcn.BloomFilter
2012-03-14 01:28:12,166 INFO filter : {7, 25, 28, 31, 59, 60, 69, 81, 97, 129, 131, 160, 168, 175} IN ru.infos.dcn.BloomFilter
2012-03-14 01:28:12,172 INFO number of hash-functions: 7 IN ru.infos.dcn.BloomFilter
2012-03-14 01:28:12,172 INFO size of filter: 29 IN ru.infos.dcn.BloomFilter
2012-03-14 01:28:12,177 INFO number of hash-functions: 7 IN ru.infos.dcn.BloomFilter
2012-03-14 01:28:12,178 INFO size of filter: 29 IN ru.infos.dcn.BloomFilter
2012-03-14 01:28:12,184 INFO number of hash-functions: 7 IN ru.infos.dcn.BloomFilter
2012-03-14 01:28:12,186 INFO size of filter: 29 IN ru.infos.dcn.BloomFilter
2012-03-14 01:32:03,525 INFO number of hash-functions: 7 IN ru.infos.dcn.BloomFilter
2012-03-14 01:32:03,528 INFO size of filter: 192 IN ru.infos.dcn.BloomFilter
2012-03-14 01:32:03,571 INFO filter : {32, 37, 49, 55, 78, 87, 98, 111, 134, 146, 165, 180, 181, 184} IN ru.infos.dcn.BloomFilter
2012-03-14 01:32:03,577 INFO number of hash-functions: 7 IN ru.infos.dcn.BloomFilter
2012-03-14 01:32:03,579 INFO size of filter: 29 IN ru.infos.dcn.BloomFilter
2012-03-14 01:32:03,584 INFO number of hash-functions: 7 IN ru.infos.dcn.BloomFilter
2012-03-14 01:32:03,585 INFO size of filter: 29 IN ru.infos.dcn.BloomFilter
2012-03-14 01:32:03,590 INFO number of hash-functions: 7 IN ru.infos.dcn.BloomFilter
2012-03-14 01:32:03,591 INFO size of filter: 29 IN ru.infos.dcn.BloomFilter
